{
"/Users/anilanar/Projects/tentacle.js/src/index.js":{"path":"/Users/anilanar/Projects/tentacle.js/src/index.js","s":{"1":1,"2":1,"3":1,"4":29,"5":29,"6":29,"7":29,"8":29,"9":29,"10":29,"11":29,"12":29,"13":29,"14":29,"15":29,"16":29,"17":29,"18":29,"19":29,"20":29,"21":1,"22":13,"23":13,"24":13,"25":13,"26":1,"27":29,"28":1,"29":6,"30":6,"31":6,"32":6,"33":6,"34":1,"35":10,"36":10,"37":10,"38":10,"39":10,"40":10,"41":10,"42":5,"43":5,"44":5,"45":10,"46":1,"47":10,"48":10,"49":10,"50":10,"51":10,"52":5,"53":5,"54":5,"55":10,"56":1,"57":3,"58":3,"59":3,"60":3,"61":1,"62":2,"63":1,"64":2,"65":1,"66":285,"67":285,"68":1,"69":1,"70":21,"71":1,"72":207,"73":207,"74":1,"75":23,"76":23,"77":23,"78":23,"79":23,"80":46,"81":46,"82":1,"83":29,"84":29,"85":43,"86":1,"87":26,"88":26},"b":{"1":[1,1],"2":[23,23],"3":[23,23]},"f":{"1":29,"2":13,"3":29,"4":6,"5":10,"6":5,"7":10,"8":5,"9":3,"10":2,"11":285,"12":1,"13":21,"14":207,"15":207,"16":23,"17":46,"18":29,"19":43,"20":26,"21":26},"fnMap":{"1":{"name":"init","line":6,"loc":{"start":{"line":6,"column":0},"end":{"line":6,"column":31}}},"2":{"name":"mock","line":39,"loc":{"start":{"line":39,"column":2},"end":{"line":39,"column":53}}},"3":{"name":"injectGlobals","line":46,"loc":{"start":{"line":46,"column":2},"end":{"line":46,"column":27}}},"4":{"name":"injectAll","line":50,"loc":{"start":{"line":50,"column":2},"end":{"line":50,"column":35}}},"5":{"name":"controller","line":58,"loc":{"start":{"line":58,"column":2},"end":{"line":58,"column":59}}},"6":{"name":"(anonymous_6)","line":67,"loc":{"start":{"line":67,"column":37},"end":{"line":67,"column":49}}},"7":{"name":"directive","line":75,"loc":{"start":{"line":75,"column":2},"end":{"line":75,"column":58}}},"8":{"name":"(anonymous_8)","line":82,"loc":{"start":{"line":82,"column":36},"end":{"line":82,"column":55}}},"9":{"name":"service","line":90,"loc":{"start":{"line":90,"column":2},"end":{"line":90,"column":56}}},"10":{"name":"async","line":97,"loc":{"start":{"line":97,"column":2},"end":{"line":97,"column":20}}},"11":{"name":"addToWindow","line":104,"loc":{"start":{"line":104,"column":2},"end":{"line":104,"column":44}}},"12":{"name":"reset","line":109,"loc":{"start":{"line":109,"column":2},"end":{"line":109,"column":19}}},"13":{"name":"(anonymous_13)","line":110,"loc":{"start":{"line":110,"column":31},"end":{"line":110,"column":47}}},"14":{"name":"injectDependency","line":115,"loc":{"start":{"line":115,"column":2},"end":{"line":115,"column":40}}},"15":{"name":"(anonymous_15)","line":116,"loc":{"start":{"line":116,"column":37},"end":{"line":116,"column":61}}},"16":{"name":"createMocksObject","line":121,"loc":{"start":{"line":121,"column":2},"end":{"line":121,"column":66}}},"17":{"name":"(anonymous_17)","line":128,"loc":{"start":{"line":128,"column":14},"end":{"line":128,"column":49}}},"18":{"name":"getDependencies","line":136,"loc":{"start":{"line":136,"column":2},"end":{"line":136,"column":41}}},"19":{"name":"(anonymous_19)","line":141,"loc":{"start":{"line":141,"column":12},"end":{"line":141,"column":30}}},"20":{"name":"provideValue","line":147,"loc":{"start":{"line":147,"column":2},"end":{"line":147,"column":42}}},"21":{"name":"(anonymous_21)","line":148,"loc":{"start":{"line":148,"column":24},"end":{"line":148,"column":44}}}},"statementMap":{"1":{"start":{"line":3,"column":2},"end":{"line":3,"column":28}},"2":{"start":{"line":4,"column":2},"end":{"line":4,"column":24}},"3":{"start":{"line":6,"column":0},"end":{"line":152,"column":1}},"4":{"start":{"line":7,"column":2},"end":{"line":7,"column":27}},"5":{"start":{"line":8,"column":2},"end":{"line":15,"column":4}},"6":{"start":{"line":16,"column":2},"end":{"line":22,"column":4}},"7":{"start":{"line":24,"column":2},"end":{"line":24,"column":30}},"8":{"start":{"line":25,"column":2},"end":{"line":25,"column":30}},"9":{"start":{"line":26,"column":2},"end":{"line":26,"column":30}},"10":{"start":{"line":27,"column":2},"end":{"line":27,"column":48}},"11":{"start":{"line":28,"column":2},"end":{"line":28,"column":50}},"12":{"start":{"line":29,"column":2},"end":{"line":29,"column":48}},"13":{"start":{"line":30,"column":2},"end":{"line":30,"column":40}},"14":{"start":{"line":31,"column":2},"end":{"line":31,"column":42}},"15":{"start":{"line":32,"column":2},"end":{"line":32,"column":40}},"16":{"start":{"line":33,"column":2},"end":{"line":33,"column":36}},"17":{"start":{"line":34,"column":2},"end":{"line":34,"column":36}},"18":{"start":{"line":35,"column":2},"end":{"line":35,"column":32}},"19":{"start":{"line":36,"column":2},"end":{"line":36,"column":50}},"20":{"start":{"line":37,"column":2},"end":{"line":37,"column":48}},"21":{"start":{"line":39,"column":2},"end":{"line":44,"column":3}},"22":{"start":{"line":40,"column":4},"end":{"line":40,"column":32}},"23":{"start":{"line":41,"column":4},"end":{"line":41,"column":77}},"24":{"start":{"line":42,"column":4},"end":{"line":42,"column":41}},"25":{"start":{"line":43,"column":4},"end":{"line":43,"column":23}},"26":{"start":{"line":46,"column":2},"end":{"line":48,"column":3}},"27":{"start":{"line":47,"column":4},"end":{"line":47,"column":47}},"28":{"start":{"line":50,"column":2},"end":{"line":56,"column":3}},"29":{"start":{"line":51,"column":4},"end":{"line":51,"column":36}},"30":{"start":{"line":52,"column":4},"end":{"line":52,"column":45}},"31":{"start":{"line":53,"column":4},"end":{"line":53,"column":55}},"32":{"start":{"line":54,"column":4},"end":{"line":54,"column":49}},"33":{"start":{"line":55,"column":4},"end":{"line":55,"column":27}},"34":{"start":{"line":58,"column":2},"end":{"line":73,"column":3}},"35":{"start":{"line":59,"column":4},"end":{"line":59,"column":32}},"36":{"start":{"line":60,"column":4},"end":{"line":60,"column":36}},"37":{"start":{"line":61,"column":4},"end":{"line":61,"column":36}},"38":{"start":{"line":62,"column":4},"end":{"line":62,"column":77}},"39":{"start":{"line":63,"column":4},"end":{"line":63,"column":52}},"40":{"start":{"line":64,"column":4},"end":{"line":66,"column":7}},"41":{"start":{"line":67,"column":4},"end":{"line":71,"column":6}},"42":{"start":{"line":68,"column":6},"end":{"line":68,"column":55}},"43":{"start":{"line":69,"column":6},"end":{"line":69,"column":30}},"44":{"start":{"line":70,"column":6},"end":{"line":70,"column":18}},"45":{"start":{"line":72,"column":4},"end":{"line":72,"column":23}},"46":{"start":{"line":75,"column":2},"end":{"line":88,"column":3}},"47":{"start":{"line":76,"column":4},"end":{"line":76,"column":80}},"48":{"start":{"line":77,"column":4},"end":{"line":77,"column":36}},"49":{"start":{"line":78,"column":4},"end":{"line":78,"column":52}},"50":{"start":{"line":79,"column":4},"end":{"line":81,"column":7}},"51":{"start":{"line":82,"column":4},"end":{"line":86,"column":6}},"52":{"start":{"line":83,"column":6},"end":{"line":83,"column":56}},"53":{"start":{"line":84,"column":6},"end":{"line":84,"column":30}},"54":{"start":{"line":85,"column":6},"end":{"line":85,"column":21}},"55":{"start":{"line":87,"column":4},"end":{"line":87,"column":23}},"56":{"start":{"line":90,"column":2},"end":{"line":95,"column":3}},"57":{"start":{"line":91,"column":4},"end":{"line":91,"column":80}},"58":{"start":{"line":92,"column":4},"end":{"line":92,"column":36}},"59":{"start":{"line":93,"column":4},"end":{"line":93,"column":27}},"60":{"start":{"line":94,"column":4},"end":{"line":94,"column":23}},"61":{"start":{"line":97,"column":2},"end":{"line":102,"column":3}},"62":{"start":{"line":98,"column":4},"end":{"line":100,"column":5}},"63":{"start":{"line":99,"column":6},"end":{"line":99,"column":29}},"64":{"start":{"line":101,"column":4},"end":{"line":101,"column":29}},"65":{"start":{"line":104,"column":2},"end":{"line":107,"column":3}},"66":{"start":{"line":105,"column":4},"end":{"line":105,"column":33}},"67":{"start":{"line":106,"column":4},"end":{"line":106,"column":39}},"68":{"start":{"line":109,"column":2},"end":{"line":113,"column":3}},"69":{"start":{"line":110,"column":4},"end":{"line":112,"column":7}},"70":{"start":{"line":111,"column":6},"end":{"line":111,"column":26}},"71":{"start":{"line":115,"column":2},"end":{"line":119,"column":3}},"72":{"start":{"line":116,"column":4},"end":{"line":118,"column":8}},"73":{"start":{"line":117,"column":6},"end":{"line":117,"column":44}},"74":{"start":{"line":121,"column":2},"end":{"line":134,"column":3}},"75":{"start":{"line":122,"column":4},"end":{"line":122,"column":30}},"76":{"start":{"line":123,"column":4},"end":{"line":123,"column":36}},"77":{"start":{"line":125,"column":4},"end":{"line":125,"column":53}},"78":{"start":{"line":126,"column":4},"end":{"line":126,"column":62}},"79":{"start":{"line":127,"column":4},"end":{"line":133,"column":15}},"80":{"start":{"line":129,"column":8},"end":{"line":129,"column":46}},"81":{"start":{"line":130,"column":8},"end":{"line":130,"column":27}},"82":{"start":{"line":136,"column":2},"end":{"line":145,"column":3}},"83":{"start":{"line":138,"column":4},"end":{"line":138,"column":58}},"84":{"start":{"line":139,"column":4},"end":{"line":144,"column":32}},"85":{"start":{"line":142,"column":8},"end":{"line":142,"column":42}},"86":{"start":{"line":147,"column":2},"end":{"line":151,"column":3}},"87":{"start":{"line":148,"column":4},"end":{"line":150,"column":7}},"88":{"start":{"line":149,"column":6},"end":{"line":149,"column":39}}},"branchMap":{"1":{"line":98,"type":"if","locations":[{"start":{"line":98,"column":4},"end":{"line":98,"column":4}},{"start":{"line":98,"column":4},"end":{"line":98,"column":4}}]},"2":{"line":122,"type":"binary-expr","locations":[{"start":{"line":122,"column":15},"end":{"line":122,"column":23}},{"start":{"line":122,"column":27},"end":{"line":122,"column":29}}]},"3":{"line":123,"type":"binary-expr","locations":[{"start":{"line":123,"column":18},"end":{"line":123,"column":29}},{"start":{"line":123,"column":33},"end":{"line":123,"column":35}}]}},"l":{"3":1,"4":1,"6":1,"7":29,"8":29,"16":29,"24":29,"25":29,"26":29,"27":29,"28":29,"29":29,"30":29,"31":29,"32":29,"33":29,"34":29,"35":29,"36":29,"37":29,"39":1,"40":13,"41":13,"42":13,"43":13,"46":1,"47":29,"50":1,"51":6,"52":6,"53":6,"54":6,"55":6,"58":1,"59":10,"60":10,"61":10,"62":10,"63":10,"64":10,"67":10,"68":5,"69":5,"70":5,"72":10,"75":1,"76":10,"77":10,"78":10,"79":10,"82":10,"83":5,"84":5,"85":5,"87":10,"90":1,"91":3,"92":3,"93":3,"94":3,"97":1,"98":2,"99":1,"101":2,"104":1,"105":285,"106":285,"109":1,"110":1,"111":21,"115":1,"116":207,"117":207,"121":1,"122":23,"123":23,"125":23,"126":23,"127":23,"129":46,"130":46,"136":1,"138":29,"139":29,"142":43,"147":1,"148":26,"149":26}}}
