TN:
SF:/Users/anilanar/Projects/tentacle.js/src/index.js
FN:6,init
FN:39,mock
FN:46,injectGlobals
FN:50,injectAll
FN:58,controller
FN:67,(anonymous_6)
FN:75,directive
FN:82,(anonymous_8)
FN:90,service
FN:97,async
FN:104,addToWindow
FN:109,reset
FN:110,(anonymous_13)
FN:115,injectDependency
FN:116,(anonymous_15)
FN:121,createMocksObject
FN:128,(anonymous_17)
FN:136,getDependencies
FN:141,(anonymous_19)
FN:147,provideValue
FN:148,(anonymous_21)
FNF:21
FNH:21
FNDA:29,init
FNDA:13,mock
FNDA:29,injectGlobals
FNDA:6,injectAll
FNDA:10,controller
FNDA:5,(anonymous_6)
FNDA:10,directive
FNDA:5,(anonymous_8)
FNDA:3,service
FNDA:2,async
FNDA:285,addToWindow
FNDA:1,reset
FNDA:21,(anonymous_13)
FNDA:207,injectDependency
FNDA:207,(anonymous_15)
FNDA:23,createMocksObject
FNDA:46,(anonymous_17)
FNDA:29,getDependencies
FNDA:43,(anonymous_19)
FNDA:26,provideValue
FNDA:26,(anonymous_21)
DA:3,1
DA:4,1
DA:6,1
DA:7,29
DA:8,29
DA:16,29
DA:24,29
DA:25,29
DA:26,29
DA:27,29
DA:28,29
DA:29,29
DA:30,29
DA:31,29
DA:32,29
DA:33,29
DA:34,29
DA:35,29
DA:36,29
DA:37,29
DA:39,1
DA:40,13
DA:41,13
DA:42,13
DA:43,13
DA:46,1
DA:47,29
DA:50,1
DA:51,6
DA:52,6
DA:53,6
DA:54,6
DA:55,6
DA:58,1
DA:59,10
DA:60,10
DA:61,10
DA:62,10
DA:63,10
DA:64,10
DA:67,10
DA:68,5
DA:69,5
DA:70,5
DA:72,10
DA:75,1
DA:76,10
DA:77,10
DA:78,10
DA:79,10
DA:82,10
DA:83,5
DA:84,5
DA:85,5
DA:87,10
DA:90,1
DA:91,3
DA:92,3
DA:93,3
DA:94,3
DA:97,1
DA:98,2
DA:99,1
DA:101,2
DA:104,1
DA:105,285
DA:106,285
DA:109,1
DA:110,1
DA:111,21
DA:115,1
DA:116,207
DA:117,207
DA:121,1
DA:122,23
DA:123,23
DA:125,23
DA:126,23
DA:127,23
DA:129,46
DA:130,46
DA:136,1
DA:138,29
DA:139,29
DA:142,43
DA:147,1
DA:148,26
DA:149,26
LF:88
LH:88
BRDA:98,1,0,1
BRDA:98,1,1,1
BRDA:122,2,0,23
BRDA:122,2,1,23
BRDA:123,3,0,23
BRDA:123,3,1,23
BRF:6
BRH:6
end_of_record
