TN:
SF:/Users/anilanar/Projects/tentacle.js/src/index.js
FN:6,init
FN:37,mock
FN:44,injectGlobals
FN:48,injectAll
FN:56,controller
FN:65,(anonymous_6)
FN:73,directive
FN:80,(anonymous_8)
FN:88,service
FN:95,async
FN:102,addToWindow
FN:107,reset
FN:108,(anonymous_13)
FN:113,injectDependency
FN:114,(anonymous_15)
FN:119,createMocksObject
FN:125,(anonymous_17)
FN:133,getDependencies
FN:138,(anonymous_19)
FN:144,provideValue
FN:145,(anonymous_21)
FNF:21
FNH:21
FNDA:30,init
FNDA:13,mock
FNDA:30,injectGlobals
FNDA:6,injectAll
FNDA:11,controller
FNDA:5,(anonymous_6)
FNDA:10,directive
FNDA:5,(anonymous_8)
FNDA:3,service
FNDA:2,async
FNDA:294,addToWindow
FNDA:1,reset
FNDA:21,(anonymous_13)
FNDA:213,injectDependency
FNDA:213,(anonymous_15)
FNDA:24,createMocksObject
FNDA:48,(anonymous_17)
FNDA:30,getDependencies
FNDA:44,(anonymous_19)
FNDA:26,provideValue
FNDA:26,(anonymous_21)
DA:3,1
DA:4,1
DA:6,1
DA:7,30
DA:8,30
DA:16,30
DA:24,30
DA:25,30
DA:26,30
DA:27,30
DA:28,30
DA:29,30
DA:30,30
DA:31,30
DA:32,30
DA:33,30
DA:34,30
DA:35,30
DA:37,1
DA:38,13
DA:39,13
DA:40,13
DA:41,13
DA:44,1
DA:45,30
DA:48,1
DA:49,6
DA:50,6
DA:51,6
DA:52,6
DA:53,6
DA:56,1
DA:57,11
DA:58,11
DA:59,11
DA:60,11
DA:61,11
DA:62,11
DA:65,11
DA:66,5
DA:67,5
DA:68,5
DA:70,11
DA:73,1
DA:74,10
DA:75,10
DA:76,10
DA:77,10
DA:80,10
DA:81,5
DA:82,5
DA:83,5
DA:85,10
DA:88,1
DA:89,3
DA:90,3
DA:91,3
DA:92,3
DA:95,1
DA:96,2
DA:97,1
DA:99,2
DA:102,1
DA:103,294
DA:104,294
DA:107,1
DA:108,1
DA:109,21
DA:113,1
DA:114,213
DA:115,213
DA:119,1
DA:120,24
DA:122,24
DA:123,24
DA:124,24
DA:126,48
DA:127,48
DA:133,1
DA:135,30
DA:136,30
DA:139,44
DA:144,1
DA:145,26
DA:146,26
LF:85
LH:85
BRDA:96,1,0,1
BRDA:96,1,1,1
BRDA:120,2,0,24
BRDA:120,2,1,24
BRDA:126,3,0,48
BRDA:126,3,1,48
BRF:6
BRH:6
end_of_record
